[09:06:29] [main/INFO] [LaunchWrapper]: Loading tweak class name net.minecraftforge.fml.common.launcher.FMLServerTweaker
[09:06:29] [main/INFO] [LaunchWrapper]: Using primary tweak class name net.minecraftforge.fml.common.launcher.FMLServerTweaker
[09:06:29] [main/INFO] [LaunchWrapper]: Calling tweak class net.minecraftforge.fml.common.launcher.FMLServerTweaker
[09:06:29] [main/DEBUG] [FML]: Injecting tracing printstreams for STDOUT/STDERR.
[09:06:29] [main/INFO] [FML]: Forge Mod Loader version 14.23.5.2825 for Minecraft 1.12.2 loading
[09:06:29] [main/INFO] [FML]: Java is Java HotSpot(TM) 64-Bit Server VM, version 1.8.0_151, running on Windows 10:amd64:10.0, installed at C:\Program Files\Java\jre1.8.0_151
[09:06:29] [main/DEBUG] [FML]: Java classpath at launch is:
[09:06:29] [main/DEBUG] [FML]:     E:\Test server\Mincraft\All the Mods 3 Lite-test\forge-1.12.2-14.23.5.2825-universal.jar
[09:06:29] [main/DEBUG] [FML]: Java library path at launch is:
[09:06:29] [main/DEBUG] [FML]:     C:\ProgramData\Oracle\Java\javapath
[09:06:29] [main/DEBUG] [FML]:     C:\WINDOWS\Sun\Java\bin
[09:06:29] [main/DEBUG] [FML]:     C:\WINDOWS\system32
[09:06:29] [main/DEBUG] [FML]:     C:\WINDOWS
[09:06:29] [main/DEBUG] [FML]:     G:\ProgramData\Anaconda3
[09:06:29] [main/DEBUG] [FML]:     G:\ProgramData\Anaconda3\Library\mingw-w64\bin
[09:06:29] [main/DEBUG] [FML]:     G:\ProgramData\Anaconda3\Library\usr\bin
[09:06:29] [main/DEBUG] [FML]:     G:\ProgramData\Anaconda3\Library\bin
[09:06:29] [main/DEBUG] [FML]:     G:\ProgramData\Anaconda3\Scripts
[09:06:29] [main/DEBUG] [FML]:     C:\Program Files\Microsoft MPI\Bin\
[09:06:29] [main/DEBUG] [FML]:     C:\ProgramData\Oracle\Java\javapath
[09:06:29] [main/DEBUG] [FML]:     C:\WINDOWS\system32
[09:06:29] [main/DEBUG] [FML]:     C:\WINDOWS
[09:06:29] [main/DEBUG] [FML]:     C:\WINDOWS\System32\Wbem
[09:06:29] [main/DEBUG] [FML]:     C:\WINDOWS\System32\WindowsPowerShell\v1.0\
[09:06:29] [main/DEBUG] [FML]:     C:\Program Files\dotnet\
[09:06:29] [main/DEBUG] [FML]:     C:\Program Files\Microsoft SQL Server\130\Tools\Binn\
[09:06:29] [main/DEBUG] [FML]:     C:\Program Files (x86)\NVIDIA Corporation\PhysX\Common
[09:06:29] [main/DEBUG] [FML]:     C:\Program Files\Git\cmd
[09:06:29] [main/DEBUG] [FML]:     C:\Program Files (x86)\GtkSharp\2.12\bin
[09:06:29] [main/DEBUG] [FML]:     C:\WINDOWS\system32
[09:06:29] [main/DEBUG] [FML]:     C:\WINDOWS
[09:06:29] [main/DEBUG] [FML]:     C:\WINDOWS\System32\Wbem
[09:06:29] [main/DEBUG] [FML]:     C:\WINDOWS\System32\WindowsPowerShell\v1.0\
[09:06:29] [main/DEBUG] [FML]:     C:\WINDOWS\System32\OpenSSH\
[09:06:29] [main/DEBUG] [FML]:     G:\Program Files (x86)\Brackets\command
[09:06:29] [main/DEBUG] [FML]:     C:\Program Files\NVIDIA Corporation\NVIDIA NvDLISR
[09:06:29] [main/DEBUG] [FML]:     G:\Program Files\PuTTY\
[09:06:29] [main/DEBUG] [FML]:     C:\Users\gameb\AppData\Local\Microsoft\WindowsApps
[09:06:29] [main/DEBUG] [FML]:     C:\Program Files\Microsoft VS Code\bin
[09:06:29] [main/DEBUG] [FML]:     C:\Users\gameb\AppData\Local\GitHubDesktop\bin
[09:06:29] [main/DEBUG] [FML]:     G:\Program Files\JetBrains\PyCharm Community Edition 2019.1.2\bin
[09:06:29] [main/DEBUG] [FML]:     
[09:06:29] [main/DEBUG] [FML]:     C:\Users\gameb\source\repos\Minecraft Server Manager 2.0\packages\jQuery.1.12.4\tools
[09:06:29] [main/DEBUG] [FML]:     C:\Users\gameb\source\repos\Minecraft Server Manager 2.0\packages\jQuery.UI.Combined.1.12.1\tools
[09:06:29] [main/DEBUG] [FML]:     C:\Users\gameb\source\repos\Minecraft Server Manager 2.0\packages\jQuery.3.4.1\tools
[09:06:29] [main/DEBUG] [FML]:     C:\Users\gameb\source\repos\Minecraft Server Manager 2.0\packages\Extended.Wpf.Toolkit.3.5.0\tools
[09:06:29] [main/DEBUG] [FML]:     C:\Users\gameb\source\repos\Minecraft Server Manager 2.0\packages\LiveCharts.Wpf.0.9.7\tools
[09:06:29] [main/DEBUG] [FML]:     .
[09:06:29] [main/DEBUG] [FML]: Determined Minecraft Libraries Root: E:\Test server\Mincraft\All the Mods 3 Lite-test\libraries
[09:06:29] [main/DEBUG] [FML]: Cleaning up mods folder: .\mods
[09:06:29] [main/DEBUG] [FML]: Enabling runtime deobfuscation
[09:06:29] [main/DEBUG] [FML]: Instantiating coremod class FMLCorePlugin
[09:06:29] [main/DEBUG] [FML]: Found signing certificates for coremod FMLCorePlugin (net.minecraftforge.fml.relauncher.FMLCorePlugin)
[09:06:29] [main/DEBUG] [FML]: Found certificate e3c3d50c7c986df74c645c0ac54639741c90a557
[09:06:29] [main/DEBUG] [FML]: Added access transformer class net.minecraftforge.fml.common.asm.transformers.AccessTransformer to enqueued access transformers
[09:06:29] [main/DEBUG] [FML]: Enqueued coremod FMLCorePlugin
[09:06:29] [main/DEBUG] [FML]: Instantiating coremod class FMLForgePlugin
[09:06:29] [main/DEBUG] [FML]: Found signing certificates for coremod FMLForgePlugin (net.minecraftforge.classloading.FMLForgePlugin)
[09:06:29] [main/DEBUG] [FML]: Found certificate e3c3d50c7c986df74c645c0ac54639741c90a557
[09:06:29] [main/DEBUG] [FML]: Enqueued coremod FMLForgePlugin
[09:06:29] [main/DEBUG] [FML]: All fundamental core mods are successfully located
[09:06:29] [main/DEBUG] [FML]: Discovering coremods
[09:06:29] [main/INFO] [FML]: Searching C:\Users\gameb\source\repos\Minecraft Server Manager 2.0\Minecraft Server Manager 2.0\bin\Debug\.\mods for mods
[09:06:29] [main/INFO] [LaunchWrapper]: Loading tweak class name net.minecraftforge.fml.common.launcher.FMLInjectionAndSortingTweaker
[09:06:29] [main/INFO] [LaunchWrapper]: Loading tweak class name net.minecraftforge.fml.common.launcher.FMLDeobfTweaker
[09:06:29] [main/INFO] [LaunchWrapper]: Calling tweak class net.minecraftforge.fml.common.launcher.FMLInjectionAndSortingTweaker
[09:06:29] [main/INFO] [LaunchWrapper]: Calling tweak class net.minecraftforge.fml.common.launcher.FMLInjectionAndSortingTweaker
[09:06:29] [main/INFO] [LaunchWrapper]: Calling tweak class net.minecraftforge.fml.relauncher.CoreModManager$FMLPluginWrapper
[09:06:29] [main/DEBUG] [FML]: Injecting coremod FMLCorePlugin \{net.minecraftforge.fml.relauncher.FMLCorePlugin\} class transformers
[09:06:29] [main/TRACE] [FML]: Registering transformer net.minecraftforge.fml.common.asm.transformers.SideTransformer
[09:06:29] [main/TRACE] [FML]: Registering transformer net.minecraftforge.fml.common.asm.transformers.EventSubscriptionTransformer
[09:06:29] [main/TRACE] [FML]: Registering transformer net.minecraftforge.fml.common.asm.transformers.EventSubscriberTransformer
[09:06:29] [main/TRACE] [FML]: Registering transformer net.minecraftforge.fml.common.asm.transformers.SoundEngineFixTransformer
[09:06:29] [main/DEBUG] [FML]: Injection complete
[09:06:29] [main/DEBUG] [FML]: Running coremod plugin for FMLCorePlugin \{net.minecraftforge.fml.relauncher.FMLCorePlugin\}
[09:06:29] [main/DEBUG] [FML]: Running coremod plugin FMLCorePlugin
[09:06:30] [main/DEBUG] [FML]: Read 1125 binary patches
[09:06:30] [main/DEBUG] [FML]: Loading deobfuscation resource /deobfuscation_data-1.12.2.lzma with 36083 records
[09:06:31] [main/INFO] [FML]: Found valid fingerprint for Minecraft Forge. Certificate fingerprint e3c3d50c7c986df74c645c0ac54639741c90a557
[09:06:31] [main/DEBUG] [FML]: Coremod plugin class FMLCorePlugin run successfully
[09:06:31] [main/INFO] [LaunchWrapper]: Calling tweak class net.minecraftforge.fml.relauncher.CoreModManager$FMLPluginWrapper
[09:06:31] [main/DEBUG] [FML]: Injecting coremod FMLForgePlugin \{net.minecraftforge.classloading.FMLForgePlugin\} class transformers
[09:06:31] [main/DEBUG] [FML]: Injection complete
[09:06:31] [main/DEBUG] [FML]: Running coremod plugin for FMLForgePlugin \{net.minecraftforge.classloading.FMLForgePlugin\}
[09:06:31] [main/DEBUG] [FML]: Running coremod plugin FMLForgePlugin
[09:06:31] [main/DEBUG] [FML]: Coremod plugin class FMLForgePlugin run successfully
[09:06:31] [main/INFO] [LaunchWrapper]: Calling tweak class net.minecraftforge.fml.common.launcher.FMLDeobfTweaker
[09:06:31] [main/DEBUG] [FML]: Loaded 215 rules from AccessTransformer config file forge_at.cfg
[09:06:31] [main/DEBUG] [FML]: Validating minecraft
[09:06:31] [main/DEBUG] [FML]: Minecraft validated, launching...
[09:06:31] [main/INFO] [LaunchWrapper]: Loading tweak class name net.minecraftforge.fml.common.launcher.TerminalTweaker
[09:06:31] [main/INFO] [LaunchWrapper]: Calling tweak class net.minecraftforge.fml.common.launcher.TerminalTweaker
[09:06:32] [main/INFO] [LaunchWrapper]: Launching wrapped minecraft {net.minecraft.server.MinecraftServer}
[09:06:32] [main/INFO] [net.minecraft.server.MinecraftServer]: You need to agree to the EULA in order to run the server. Go to eula.txt for more info.
